This is pdfTeX, Version 3.141592653-2.6-1.40.24 (MiKTeX 21.12.10) (preloaded format=pdflatex 2021.12.16)  29 DEC 2021 20:12
entering extended mode
 restricted \write18 enabled.
 file:line:error style messages enabled.
 %&-line parsing enabled.
**"d:/data kuliah/Tugas_besar_3tkra_sistem_operasi/main.tex"
(d:/data kuliah/Tugas_besar_3tkra_sistem_operasi/main.tex
LaTeX2e <2021-11-15> patch level 1
L3 programming layer <2021-11-22> (C:\Users\NPC 211021\AppData\Local\Programs\MiKTeX\tex/latex/ieeetran\IEEEtran.cls
Document Class: IEEEtran 2015/08/26 V1.8b by Michael Shell
-- See the "IEEEtran_HOWTO" manual for usage information.
-- http://www.michaelshell.org/tex/ieeetran/
\@IEEEtrantmpdimenA=\dimen138
\@IEEEtrantmpdimenB=\dimen139
\@IEEEtrantmpdimenC=\dimen140
\@IEEEtrantmpcountA=\count183
\@IEEEtrantmpcountB=\count184
\@IEEEtrantmpcountC=\count185
\@IEEEtrantmptoksA=\toks16
LaTeX Font Info:    Trying to load font information for OT1+ptm on input line 503.
(C:\Users\NPC 211021\AppData\Local\Programs\MiKTeX\tex/latex/psnfss\ot1ptm.fd
File: ot1ptm.fd 2001/06/04 font definitions for OT1/ptm.
)
-- Using 8.5in x 11in (letter) paper.
-- Using PDF output.
\@IEEEnormalsizeunitybaselineskip=\dimen141
-- This is a 10 point document.
\CLASSINFOnormalsizebaselineskip=\dimen142
\CLASSINFOnormalsizeunitybaselineskip=\dimen143
\IEEEnormaljot=\dimen144
LaTeX Font Info:    Font shape `OT1/ptm/bx/n' in size <5> not available
(Font)              Font shape `OT1/ptm/b/n' tried instead on input line 1090.
LaTeX Font Info:    Font shape `OT1/ptm/bx/it' in size <5> not available
(Font)              Font shape `OT1/ptm/b/it' tried instead on input line 1090.
LaTeX Font Info:    Font shape `OT1/ptm/bx/n' in size <7> not available
(Font)              Font shape `OT1/ptm/b/n' tried instead on input line 1090.
LaTeX Font Info:    Font shape `OT1/ptm/bx/it' in size <7> not available
(Font)              Font shape `OT1/ptm/b/it' tried instead on input line 1090.
LaTeX Font Info:    Font shape `OT1/ptm/bx/n' in size <8> not available
(Font)              Font shape `OT1/ptm/b/n' tried instead on input line 1090.
LaTeX Font Info:    Font shape `OT1/ptm/bx/it' in size <8> not available
(Font)              Font shape `OT1/ptm/b/it' tried instead on input line 1090.
LaTeX Font Info:    Font shape `OT1/ptm/bx/n' in size <9> not available
(Font)              Font shape `OT1/ptm/b/n' tried instead on input line 1090.
LaTeX Font Info:    Font shape `OT1/ptm/bx/it' in size <9> not available
(Font)              Font shape `OT1/ptm/b/it' tried instead on input line 1090.
LaTeX Font Info:    Font shape `OT1/ptm/bx/n' in size <10> not available
(Font)              Font shape `OT1/ptm/b/n' tried instead on input line 1090.
LaTeX Font Info:    Font shape `OT1/ptm/bx/it' in size <10> not available
(Font)              Font shape `OT1/ptm/b/it' tried instead on input line 1090.
LaTeX Font Info:    Font shape `OT1/ptm/bx/n' in size <11> not available
(Font)              Font shape `OT1/ptm/b/n' tried instead on input line 1090.
LaTeX Font Info:    Font shape `OT1/ptm/bx/it' in size <11> not available
(Font)              Font shape `OT1/ptm/b/it' tried instead on input line 1090.
LaTeX Font Info:    Font shape `OT1/ptm/bx/n' in size <12> not available
(Font)              Font shape `OT1/ptm/b/n' tried instead on input line 1090.
LaTeX Font Info:    Font shape `OT1/ptm/bx/it' in size <12> not available
(Font)              Font shape `OT1/ptm/b/it' tried instead on input line 1090.
LaTeX Font Info:    Font shape `OT1/ptm/bx/n' in size <17> not available
(Font)              Font shape `OT1/ptm/b/n' tried instead on input line 1090.
LaTeX Font Info:    Font shape `OT1/ptm/bx/it' in size <17> not available
(Font)              Font shape `OT1/ptm/b/it' tried instead on input line 1090.
LaTeX Font Info:    Font shape `OT1/ptm/bx/n' in size <20> not available
(Font)              Font shape `OT1/ptm/b/n' tried instead on input line 1090.
LaTeX Font Info:    Font shape `OT1/ptm/bx/it' in size <20> not available
(Font)              Font shape `OT1/ptm/b/it' tried instead on input line 1090.
LaTeX Font Info:    Font shape `OT1/ptm/bx/n' in size <24> not available
(Font)              Font shape `OT1/ptm/b/n' tried instead on input line 1090.
LaTeX Font Info:    Font shape `OT1/ptm/bx/it' in size <24> not available
(Font)              Font shape `OT1/ptm/b/it' tried instead on input line 1090.
\IEEEquantizedlength=\dimen145
\IEEEquantizedlengthdiff=\dimen146
\IEEEquantizedtextheightdiff=\dimen147
\IEEEilabelindentA=\dimen148
\IEEEilabelindentB=\dimen149
\IEEEilabelindent=\dimen150
\IEEEelabelindent=\dimen151
\IEEEdlabelindent=\dimen152
\IEEElabelindent=\dimen153
\IEEEiednormlabelsep=\dimen154
\IEEEiedmathlabelsep=\dimen155
\IEEEiedtopsep=\skip47
\c@section=\count186
\c@subsection=\count187
\c@subsubsection=\count188
\c@paragraph=\count189
\c@IEEEsubequation=\count190
\abovecaptionskip=\skip48
\belowcaptionskip=\skip49
\c@figure=\count191
\c@table=\count192
\@IEEEeqnnumcols=\count193
\@IEEEeqncolcnt=\count194
\@IEEEsubeqnnumrollback=\count195
\@IEEEquantizeheightA=\dimen156
\@IEEEquantizeheightB=\dimen157
\@IEEEquantizeheightC=\dimen158
\@IEEEquantizeprevdepth=\dimen159
\@IEEEquantizemultiple=\count196
\@IEEEquantizeboxA=\box50
\@IEEEtmpitemindent=\dimen160
\IEEEPARstartletwidth=\dimen161
\c@IEEEbiography=\count197
\@IEEEtranrubishbin=\box51
) (C:\Users\NPC 211021\AppData\Local\Programs\MiKTeX\tex/latex/cite\cite.sty
LaTeX Info: Redefining \cite on input line 302.
LaTeX Info: Redefining \nocite on input line 332.
Package: cite 2015/02/27  v 5.5
) (C:\Users\NPC 211021\AppData\Local\Programs\MiKTeX\tex/latex/amsfonts\amssymb.sty
Package: amssymb 2013/01/14 v3.01 AMS font symbols
 (C:\Users\NPC 211021\AppData\Local\Programs\MiKTeX\tex/latex/amsfonts\amsfonts.sty
Package: amsfonts 2013/01/14 v3.01 Basic AMSFonts support
\@emptytoks=\toks17
\symAMSa=\mathgroup4
\symAMSb=\mathgroup5
LaTeX Font Info:    Redeclaring math symbol \hbar on input line 98.
LaTeX Font Info:    Overwriting math alphabet `\mathfrak' in version `bold'
(Font)                  U/euf/m/n --> U/euf/b/n on input line 106.
)) (C:\Users\NPC 211021\AppData\Local\Programs\MiKTeX\tex/latex/amsmath\amsmath.sty
Package: amsmath 2021/10/15 v2.17l AMS math features
\@mathmargin=\skip50

For additional information on amsmath, use the `?' option.
(C:\Users\NPC 211021\AppData\Local\Programs\MiKTeX\tex/latex/amsmath\amstext.sty
Package: amstext 2021/08/26 v2.01 AMS text
 (C:\Users\NPC 211021\AppData\Local\Programs\MiKTeX\tex/latex/amsmath\amsgen.sty
File: amsgen.sty 1999/11/30 v2.0 generic functions
\@emptytoks=\toks18
\ex@=\dimen162
)) (C:\Users\NPC 211021\AppData\Local\Programs\MiKTeX\tex/latex/amsmath\amsbsy.sty
Package: amsbsy 1999/11/29 v1.2d Bold Symbols
\pmbraise@=\dimen163
) (C:\Users\NPC 211021\AppData\Local\Programs\MiKTeX\tex/latex/amsmath\amsopn.sty
Package: amsopn 2021/08/26 v2.02 operator names
)
\inf@bad=\count198
LaTeX Info: Redefining \frac on input line 234.
\uproot@=\count199
\leftroot@=\count266
LaTeX Info: Redefining \overline on input line 399.
\classnum@=\count267
\DOTSCASE@=\count268
LaTeX Info: Redefining \ldots on input line 496.
LaTeX Info: Redefining \dots on input line 499.
LaTeX Info: Redefining \cdots on input line 620.
\Mathstrutbox@=\box52
\strutbox@=\box53
\big@size=\dimen164
LaTeX Font Info:    Redeclaring font encoding OML on input line 743.
LaTeX Font Info:    Redeclaring font encoding OMS on input line 744.
\macc@depth=\count269
\c@MaxMatrixCols=\count270
\dotsspace@=\muskip16
\c@parentequation=\count271
\dspbrk@lvl=\count272
\tag@help=\toks19
\row@=\count273
\column@=\count274
\maxfields@=\count275
\andhelp@=\toks20
\eqnshift@=\dimen165
\alignsep@=\dimen166
\tagshift@=\dimen167
\tagwidth@=\dimen168
\totwidth@=\dimen169
\lineht@=\dimen170
\@envbody=\toks21
\multlinegap=\skip51
\multlinetaggap=\skip52
\mathdisplay@stack=\toks22
LaTeX Info: Redefining \[ on input line 2938.
LaTeX Info: Redefining \] on input line 2939.
) (C:\Users\NPC 211021\AppData\Local\Programs\MiKTeX\tex/generic/mathdots\mathdots.sty
Package: mathdots 2014/06/11 v0.9 Improve and add various macros for dots in math.
\MDo@unit=\dimen171
\MDo@dotsbox=\box54
\MDoprekern=\muskip17
\MDopostkern=\muskip18
\MDodotkern=\muskip19
) (C:\Users\NPC 211021\AppData\Local\Programs\MiKTeX\tex/latex/graphics\graphicx.sty
Package: graphicx 2021/09/16 v1.2d Enhanced LaTeX Graphics (DPC,SPQR)
 (C:\Users\NPC 211021\AppData\Local\Programs\MiKTeX\tex/latex/graphics\keyval.sty
Package: keyval 2014/10/28 v1.15 key=value parser (DPC)
\KV@toks@=\toks23
) (C:\Users\NPC 211021\AppData\Local\Programs\MiKTeX\tex/latex/graphics\graphics.sty
Package: graphics 2021/03/04 v1.4d Standard LaTeX Graphics (DPC,SPQR)
 (C:\Users\NPC 211021\AppData\Local\Programs\MiKTeX\tex/latex/graphics\trig.sty
Package: trig 2021/08/11 v1.11 sin cos tan (DPC)
) (C:\Users\NPC 211021\AppData\Local\Programs\MiKTeX\tex/latex/graphics-cfg\graphics.cfg
File: graphics.cfg 2016/06/04 v1.11 sample graphics configuration
)
Package graphics Info: Driver file: pdftex.def on input line 107.
 (C:\Users\NPC 211021\AppData\Local\Programs\MiKTeX\tex/latex/graphics-def\pdftex.def
File: pdftex.def 2020/10/05 v1.2a Graphics/color driver for pdftex
))
\Gin@req@height=\dimen172
\Gin@req@width=\dimen173
) (C:\Users\NPC 211021\AppData\Local\Programs\MiKTeX\tex/latex/comment\comment.sty
\CommentStream=\write3
 Excluding comment 'comment') (C:\Users\NPC 211021\AppData\Local\Programs\MiKTeX\tex/latex/l3backend\l3backend-pdftex.def
File: l3backend-pdftex.def 2021-12-14 L3 backend support: PDF output (pdfTeX)
\l__color_backend_stack_int=\count276
\l__pdf_internal_box=\box55
) (main.aux)
\openout1 = `main.aux'.

LaTeX Font Info:    Checking defaults for OML/cmm/m/it on input line 20.
LaTeX Font Info:    ... okay on input line 20.
LaTeX Font Info:    Checking defaults for OMS/cmsy/m/n on input line 20.
LaTeX Font Info:    ... okay on input line 20.
LaTeX Font Info:    Checking defaults for OT1/cmr/m/n on input line 20.
LaTeX Font Info:    ... okay on input line 20.
LaTeX Font Info:    Checking defaults for T1/cmr/m/n on input line 20.
LaTeX Font Info:    ... okay on input line 20.
LaTeX Font Info:    Checking defaults for TS1/cmr/m/n on input line 20.
LaTeX Font Info:    ... okay on input line 20.
LaTeX Font Info:    Checking defaults for OMX/cmex/m/n on input line 20.
LaTeX Font Info:    ... okay on input line 20.
LaTeX Font Info:    Checking defaults for U/cmr/m/n on input line 20.
LaTeX Font Info:    ... okay on input line 20.

-- Lines per column: 56 (exact).
(C:\Users\NPC 211021\AppData\Local\Programs\MiKTeX\tex/context/base/mkii\supp-pdf.mkii
[Loading MPS to PDF converter (version 2006.09.02).]
\scratchcounter=\count277
\scratchdimen=\dimen174
\scratchbox=\box56
\nofMPsegments=\count278
\nofMParguments=\count279
\everyMPshowfont=\toks24
\MPscratchCnt=\count280
\MPscratchDim=\dimen175
\MPnumerator=\count281
\makeMPintoPDFobject=\count282
\everyMPtoPDFconversion=\toks25
) (C:\Users\NPC 211021\AppData\Local\Programs\MiKTeX\tex/latex/epstopdf-pkg\epstopdf-base.sty
Package: epstopdf-base 2020-01-24 v2.11 Base part for package epstopdf
Package epstopdf-base Info: Redefining graphics rule for `.eps' on input line 485.
 (C:\Users\NPC 211021\AppData\Local\Programs\MiKTeX\tex/latex/00miktex\epstopdf-sys.cfg
File: epstopdf-sys.cfg 2021/03/18 v2.0 Configuration of epstopdf for MiKTeX
)) Excluding 'comment' comment.

LaTeX Warning: Citation `brin1998anatomy' on page 1 undefined on input line 41.


LaTeX Warning: Citation `xing2004weighted' on page 1 undefined on input line 41.


LaTeX Warning: Citation `qiao2010simrank' on page 1 undefined on input line 41.


LaTeX Warning: Citation `page1999pagerank' on page 1 undefined on input line 41.


LaTeX Warning: Citation `kumar2013pagerank' on page 1 undefined on input line 41.


LaTeX Warning: Citation `duhan2009page' on page 1 undefined on input line 41.


LaTeX Warning: Citation `najork2007comparing' on page 1 undefined on input line 41.


LaTeX Warning: Citation `kumar2011page' on page 1 undefined on input line 41.


LaTeX Warning: Citation `nemirovsky2008weighted' on page 1 undefined on input line 41.


LaTeX Warning: Citation `tyagi2012weighted' on page 1 undefined on input line 41.


LaTeX Warning: Citation `haveliwala2003topic' on page 1 undefined on input line 41.


LaTeX Warning: Citation `brin1998anatomy' on page 1 undefined on input line 44.


Underfull \hbox (badness 2181) in paragraph at lines 43--47
\OT1/ptm/m/n/10 bahwa se-o-rang pe-se-lan-car ber-jalan se-cara acak di atas
 []


Underfull \hbox (badness 1817) in paragraph at lines 43--47
\OT1/ptm/m/n/10 se-makin banyak tau-tan yang dim-i-liki ha-la-man, se-makin
 []


Underfull \hbox (badness 10000) in paragraph at lines 43--47

 []


LaTeX Warning: Citation `xing2004weighted' on page 1 undefined on input line 49.


LaTeX Warning: Citation `qiao2010simrank' on page 1 undefined on input line 49.


LaTeX Warning: Citation `kumar2011page' on page 1 undefined on input line 49.


LaTeX Warning: Citation `schutze2008introduction' on page 1 undefined on input line 54.


Underfull \hbox (badness 6675) in paragraph at lines 48--64
\OT1/ptm/m/n/10 Masing-masing memi-liki pro dan kon-tra. Pem-bob-otan
 []


Underfull \hbox (badness 1377) in paragraph at lines 48--64
\OT1/ptm/m/n/10 pem-bob-otan berba-sis ke-samaan an-tar ha-la-man Al-go-ritma
 []


Underfull \hbox (badness 2790) in paragraph at lines 48--64
\OT1/ptm/m/n/10 PageR-ank ke ha-la-man Wikipedia ba-hasa Ko-rea. Un-tuk
 []


Underfull \hbox (badness 7379) in paragraph at lines 48--64
\OT1/ptm/m/n/10 un-tuk ha-la-man, pertama-tama kita melakukan anal-i-sis
 []


Underfull \hbox (badness 1708) in paragraph at lines 48--64
\OT1/ptm/m/n/10 mor-fologi un-tuk mengek-strak kata-kata. Berbeda den-gan
 []


Underfull \hbox (badness 3049) in paragraph at lines 48--64
\OT1/ptm/m/n/10 memi-liki ke-samaan. makalah ini adalah terkait den-gan
 []


Underfull \hbox (badness 1546) in paragraph at lines 48--64
\OT1/ptm/m/n/10 pen-ingkatan pada PageR-ank berbobot berba-sis ke-samaan
 []


Underfull \hbox (badness 1817) in paragraph at lines 48--64
\OT1/ptm/m/n/10 an-tar ha-la-man un-tuk menan-gani ka-sus den-gan nol link
 []


Underfull \hbox (badness 10000) in paragraph at lines 48--64

 []


LaTeX Warning: Citation `brin1998anatomy' on page 1 undefined on input line 73.

[1{C:/Users/NPC 211021/AppData/Local/MiKTeX/fonts/map/pdftex/pdftex.map}


]
LaTeX Font Info:    Trying to load font information for U+msa on input line 85.
 (C:\Users\NPC 211021\AppData\Local\Programs\MiKTeX\tex/latex/amsfonts\umsa.fd
File: umsa.fd 2013/01/14 v3.01 AMS symbols A
)
LaTeX Font Info:    Trying to load font information for U+msb on input line 85.
 (C:\Users\NPC 211021\AppData\Local\Programs\MiKTeX\tex/latex/amsfonts\umsb.fd
File: umsb.fd 2013/01/14 v3.01 AMS symbols B
)

LaTeX Warning: Citation `xing2004weighted' on page 2 undefined on input line 117.


LaTeX Warning: Citation `qiao2010simrank' on page 2 undefined on input line 117.


LaTeX Warning: Citation `kumar2011page' on page 2 undefined on input line 117.


Underfull \hbox (badness 10000) in paragraph at lines 113--118

 []


LaTeX Warning: Citation `xing2004weighted' on page 2 undefined on input line 122.


Underfull \hbox (badness 1354) in paragraph at lines 122--127
\OT1/ptm/m/n/10 yang mem-berikan lebih banyak porsi Rank ke tetangga
 []


Underfull \hbox (badness 3396) in paragraph at lines 122--127
\OT1/ptm/m/n/10 ha-la-man den-gan lebih banyak tau-tan. Ya tidak cukup
 []


Underfull \hbox (badness 10000) in paragraph at lines 122--127

 []


LaTeX Warning: Citation `qiao2010simrank' on page 2 undefined on input line 132.


LaTeX Warning: Citation `dean2008mapreduce' on page 2 undefined on input line 139.


Underfull \hbox (badness 2285) in paragraph at lines 132--140
\OT1/ptm/m/n/10 lebih awal. Se-cara kom-putasi ma-hal un-tuk men-er-ap-kan
 []


Underfull \hbox (badness 10000) in paragraph at lines 132--140

 []


LaTeX Warning: Citation `kumar2011page' on page 2 undefined on input line 144.


Underfull \hbox (badness 2119) in paragraph at lines 144--150
[]\OT1/ptm/m/n/10 Kumaret al. [\OT1/ptm/b/n/10 ?\OT1/ptm/m/n/10 ] mem-perke-nalkan al-go-ritma PageR-ank
 []


Underfull \hbox (badness 10000) in paragraph at lines 144--150

 []


LaTeX Warning: Citation `najork2007comparing' on page 2 undefined on input line 152.


LaTeX Warning: Citation `rajaraman2011mining' on page 2 undefined on input line 155.


LaTeX Warning: Citation `rajaraman2011mining' on page 2 undefined on input line 163.


Underfull \hbox (badness 10000) in paragraph at lines 166--171

 []


LaTeX Warning: Citation `dean2008mapreduce' on page 2 undefined on input line 172.


Underfull \hbox (badness 1742) in paragraph at lines 172--185
[]\OT1/ptm/m/n/10 Hadoop [\OT1/ptm/b/n/10 ?\OT1/ptm/m/n/10 ] adalah in-fras-truk-tur kom-putasi yang baik
 []


Underfull \hbox (badness 2726) in paragraph at lines 186--191
[]\OT1/ptm/m/n/10 PageRank berbobot berba-sis ke-samaan an-tar ha-la-man
 []


Underfull \hbox (badness 10000) in paragraph at lines 186--191

 []

[2]
Underfull \hbox (badness 4316) in paragraph at lines 192--197
\OT1/ptm/m/n/10 ten-tang ke-samaan an-tar ha-la-man un-tuk mem-perki-rakan
 []


Underfull \hbox (badness 10000) in paragraph at lines 192--197

 []


LaTeX Warning: Citation `qiao2010simrank' on page 3 undefined on input line 202.


Underfull \hbox (badness 10000) in paragraph at lines 198--203
[]\OT1/ptm/m/n/10 Untuk meningkatkan pen-er-a-pan PageR-ank berbobot,
 []


Underfull \hbox (badness 10000) in paragraph at lines 198--203

 []


Underfull \hbox (badness 10000) in paragraph at lines 209--210

 []


LaTeX Warning: Citation `schutze2008introduction' on page 3 undefined on input line 226.


Underfull \hbox (badness 10000) in paragraph at lines 236--238

 []


Underfull \hbox (badness 10000) in paragraph at lines 245--248

 []


Underfull \hbox (badness 2799) in paragraph at lines 257--262
\OT1/ptm/m/n/10 sek-i-tar 300.000 ha-la-man dari Wikipedia ba-hasa Ko-rea.
 []


Underfull \hbox (badness 10000) in paragraph at lines 257--262

 []


Underfull \hbox (badness 3375) in paragraph at lines 263--274
[]\OT1/ptm/m/n/10 Seluruh ha-la-man dari ko.wikipedia.org telah di-rayapi
 []


Underfull \hbox (badness 10000) in paragraph at lines 263--274
\OT1/ptm/m/n/10 meng-gu-nakan a Pen-ganal-isa mor-fologi Ko-rea un-tuk
 []


Underfull \hbox (badness 10000) in paragraph at lines 263--274
\OT1/ptm/m/n/10 mengek-strak lemma. hadoop Pro-gram MapRe-duce
 []


Underfull \hbox (badness 1668) in paragraph at lines 263--274
\OT1/ptm/m/n/10 dikem-bangkan un-tuk menghi-tung ke-ja-dian dari kata-kata
 []


Underfull \hbox (badness 2119) in paragraph at lines 263--274
\OT1/ptm/m/n/10 lemma se-tiap ha-la-man di-hi-tung un-tuk menen-tukan kata
 []


Underfull \hbox (badness 1755) in paragraph at lines 263--274
\OT1/ptm/m/n/10 jarak cos-i-nus. Akhirnya, ni-lai per-ingkat di-ten-tukan oleh
 []


Underfull \hbox (badness 10000) in paragraph at lines 263--274

 []


LaTeX Warning: File `pic2.jpg' not found on input line 277.


d:/data kuliah/Tugas_besar_3tkra_sistem_operasi/main.tex:277: Package pdftex.def Error: File `pic2.jpg' not found: using draft setting.

See the pdftex.def package documentation for explanation.
Type  H <return>  for immediate help.
 ...                                              
                                                  
l.277 ...degraphics[width=0.4\textwidth]{pic2.jpg}
                                                  
Try typing  <return>  to proceed.
If that doesn't work, type  X <return>  to quit.

LaTeX Font Info:    Trying to load font information for OT1+pcr on input line 277.
(C:\Users\NPC 211021\AppData\Local\Programs\MiKTeX\tex/latex/psnfss\ot1pcr.fd
File: ot1pcr.fd 2001/06/04 font definitions for OT1/pcr.
)

LaTeX Warning: Citation `schutze2008introduction' on page 3 undefined on input line 289.


Underfull \hbox (badness 1845) in paragraph at lines 281--296
[]\OT1/ptm/m/n/10 Dalam per-cobaan, kami meng-gu-nakan clus-ter Hadoop
 []


Underfull \hbox (badness 1418) in paragraph at lines 281--296
\OT1/ptm/m/n/10 dalam pro-gram MapRe-duce. Kami melakukan per-cobaan
 []


Underfull \hbox (badness 2384) in paragraph at lines 281--296
\OT1/ptm/m/n/10 10 kali un-tuk dip-ilih se-cara acak 10 kata kunci dari
 []


Underfull \hbox (badness 3690) in paragraph at lines 281--296
\OT1/ptm/m/n/10 Wikipedia dan men-e-mukan ha-la-man yang men-gan-dung
 []


Underfull \hbox (badness 3536) in paragraph at lines 281--296
\OT1/ptm/m/n/10 level. Kami menghi-tung Ke-un-tun-gan Ku-mu-latif Diskon
 []


Underfull \hbox (badness 1533) in paragraph at lines 281--296
\OT1/ptm/m/n/10 un-tuk se-tiap kueri. NDCG adalah metrik eval-u-asi yang
 []


Underfull \hbox (badness 10000) in paragraph at lines 281--296

 []

[3]

LaTeX Warning: Citation `qiao2010simrank' on page 4 undefined on input line 301.


Underfull \hbox (badness 10000) in paragraph at lines 297--303

 []


LaTeX Warning: File `pic1.jpg' not found on input line 309.


d:/data kuliah/Tugas_besar_3tkra_sistem_operasi/main.tex:309: Package pdftex.def Error: File `pic1.jpg' not found: using draft setting.

See the pdftex.def package documentation for explanation.
Type  H <return>  for immediate help.
 ...                                              
                                                  
l.309 ...degraphics[width=0.4\textwidth]{pic1.jpg}
                                                  
Try typing  <return>  to proceed.
If that doesn't work, type  X <return>  to quit.


LaTeX Warning: Citation `qiao2010simrank' on page 4 undefined on input line 328.

(main.bbl

main.bbl:24: LaTeX Error: Something's wrong--perhaps a missing \item.

See the LaTeX manual or LaTeX Companion for explanation.
Type  H <return>  for immediate help.
 ...                                              
                                                  
l.24 \end{thebibliography}
                          
Try typing  <return>  to proceed.
If that doesn't work, type  X <return>  to quit.

)

** Conference Paper **
Before submitting the final camera ready copy, remember to:

 1. Manually equalize the lengths of two columns on the last page
 of your paper;

 2. Ensure that any PostScript and/or PDF output post-processing
 uses only Type 1 fonts and that every step in the generation
 process uses the appropriate paper size.

[4] (main.aux)

LaTeX Warning: There were undefined references.

 ) 
Here is how much of TeX's memory you used:
 3674 strings out of 478659
 60518 string characters out of 2843513
 366232 words of memory out of 3000000
 21739 multiletter control sequences out of 15000+600000
 439399 words of font info for 89 fonts, out of 8000000 for 9000
 1141 hyphenation exceptions out of 8191
 55i,10n,62p,981b,318s stack positions out of 5000i,500n,10000p,200000b,80000s
{C:/Users/NPC 211021/AppData/Local/Programs/MiKTeX/fonts/enc/dvips/base/8r.enc}<C:/Users/NPC 211021/AppData/Local/Programs/MiKTeX/fonts/type1/public/amsfonts/cm/cmex10.pfb><C:/Users/NPC 211021/AppData/Local/Programs/MiKTeX/fonts/type1/public/amsfonts/cm/cmmi10.pfb><C:/Users/NPC 211021/AppData/Local/Programs/MiKTeX/fonts/type1/public/amsfonts/cm/cmmi5.pfb><C:/Users/NPC 211021/AppData/Local/Programs/MiKTeX/fonts/type1/public/amsfonts/cm/cmmi7.pfb><C:/Users/NPC 211021/AppData/Local/Programs/MiKTeX/fonts/type1/public/amsfonts/cm/cmr10.pfb><C:/Users/NPC 211021/AppData/Local/Programs/MiKTeX/fonts/type1/public/amsfonts/cm/cmr7.pfb><C:/Users/NPC 211021/AppData/Local/Programs/MiKTeX/fonts/type1/public/amsfonts/cm/cmsy10.pfb><C:/Users/NPC 211021/AppData/Local/Programs/MiKTeX/fonts/type1/public/amsfonts/cm/cmsy7.pfb><C:/Users/NPC 211021/AppData/Local/Programs/MiKTeX/fonts/type1/urw/courier/ucrr8a.pfb><C:/Users/NPC 211021/AppData/Local/Programs/MiKTeX/fonts/type1/urw/times/utmb8a.pfb><C:/Users/NPC 211021/AppData/Local/Programs/MiKTeX/fonts/type1/urw/times/utmbi8a.pfb><C:/Users/NPC 211021/AppData/Local/Programs/MiKTeX/fonts/type1/urw/times/utmr8a.pfb><C:/Users/NPC 211021/AppData/Local/Programs/MiKTeX/fonts/type1/urw/times/utmri8a.pfb>
Output written on main.pdf (4 pages, 170155 bytes).
PDF statistics:
 81 PDF objects out of 1000 (max. 8388607)
 0 named destinations out of 1000 (max. 500000)
 1 words of extra memory for PDF output out of 10000 (max. 10000000)

